已經開始建置於 2015/4/8 下午 08:07:20。
     1>節點 2 (Rebuild 目標) 上的專案 "D:\OneDrive\SourceTree\DeepLearning2015\HW1\VisualStudioVersion\HW1\HW1\HW1.vcxproj"。
     1>ClCompile:
         C:\Program Files (x86)\Microsoft Visual Studio 12.0\VC\bin\x86_amd64\CL.exe /c /I"D:\OneDrive\SourceTree\DeepLearning2015\HW1\VisualStudioVersion\HW1\lib\armadillo-4.650.4\include" /Zi /nologo /W3 /WX- /sdl /Od /D _CRT_SECURE_NO_WARNINGS /D _MBCS /Gm /EHsc /RTC1 /MDd /GS /fp:precise /Zc:wchar_t /Zc:forScope /Fo"x64\Debug\\" /Fd"x64\Debug\vc120.pdb" /Gd /TP /errorReport:prompt Net.cpp predict.cpp train.cpp utility.cpp
         utility.cpp
         train.cpp
     1>train.cpp(17): warning C4305: '正在初始化' : 從 'double' 轉換為 'float'，是由較大的類型轉換為較小的類型，可能導致資料遺失
     1>train.cpp(59): warning C4244: '引數' : 將 'float' 轉換為 '__int64'，由於類型不同，可能導致資料遺失
     1>train.cpp(60): warning C4244: '引數' : 將 'float' 轉換為 '__int64'，由於類型不同，可能導致資料遺失
         predict.cpp
     1>predict.cpp(13): warning C4101: 'learning_rate' : 未參考的區域變數
         Net.cpp
     1>Net.cpp(48): warning C4267: '正在初始化' : 將 'size_t' 轉換為 'int'，資料可能遺失
     1>Net.cpp(63): warning C4267: '正在初始化' : 將 'size_t' 轉換為 'int'，資料可能遺失
     1>Net.cpp(102): warning C4267: '正在初始化' : 將 'size_t' 轉換為 'int'，資料可能遺失
     1>Net.cpp(194): warning C4267: '正在初始化' : 將 'size_t' 轉換為 'int'，資料可能遺失
         正在產生程式碼...
       Link:
         C:\Program Files (x86)\Microsoft Visual Studio 12.0\VC\bin\x86_amd64\link.exe /ERRORREPORT:PROMPT /OUT:"D:\OneDrive\SourceTree\DeepLearning2015\HW1\VisualStudioVersion\HW1\x64\Debug\HW1.exe" /INCREMENTAL /NOLOGO /LIBPATH:"D:\OneDrive\SourceTree\DeepLearning2015\HW1\VisualStudioVersion\HW1\lib\armadillo-4.650.4\examples\lib_win64" blas_win64_MT.lib lapack_win64_MT.lib kernel32.lib user32.lib gdi32.lib winspool.lib comdlg32.lib advapi32.lib shell32.lib ole32.lib oleaut32.lib uuid.lib odbc32.lib odbccp32.lib /MANIFEST /MANIFESTUAC:"level='asInvoker' uiAccess='false'" /manifest:embed /DEBUG /PDB:"D:\OneDrive\SourceTree\DeepLearning2015\HW1\VisualStudioVersion\HW1\x64\Debug\HW1.pdb" /TLBID:1 /DYNAMICBASE /NXCOMPAT /IMPLIB:"D:\OneDrive\SourceTree\DeepLearning2015\HW1\VisualStudioVersion\HW1\x64\Debug\HW1.lib" /MACHINE:X64 x64\Debug\Net.obj
         x64\Debug\predict.obj
         x64\Debug\train.obj
         x64\Debug\utility.obj
         HW1.vcxproj -> D:\OneDrive\SourceTree\DeepLearning2015\HW1\VisualStudioVersion\HW1\x64\Debug\HW1.exe
     1>專案 "D:\OneDrive\SourceTree\DeepLearning2015\HW1\VisualStudioVersion\HW1\HW1\HW1.vcxproj" (Rebuild 目標) 建置完成。

建置成功。

經過時間 00:00:03.87
