已經開始建置於 2015/5/27 下午 07:40:46。
     1>節點 2 (Build 目標) 上的專案 "D:\OneDrive\SourceTree\DeepLearning2015\HW1\VisualStudioVersion\HW1\HW1\HW1.vcxproj"。
     1>Link:
         C:\Program Files (x86)\Microsoft Visual Studio 12.0\VC\bin\link.exe /ERRORREPORT:PROMPT /OUT:"D:\OneDrive\SourceTree\DeepLearning2015\HW1\VisualStudioVersion\HW1\Release\HW1.dll" /NOLOGO /LIBPATH:"D:\OneDrive\SourceTree\DeepLearning2015\HW1\VisualStudioVersion\HW1\lib\armadillo-4.650.4\examples\lib_win64" blas_win64_MT.lib lapack_win64_MT.lib kernel32.lib user32.lib gdi32.lib winspool.lib comdlg32.lib advapi32.lib shell32.lib ole32.lib oleaut32.lib uuid.lib odbc32.lib odbccp32.lib /MANIFEST /MANIFESTUAC:"level='asInvoker' uiAccess='false'" /manifest:embed /DEBUG /PDB:"D:\OneDrive\SourceTree\DeepLearning2015\HW1\VisualStudioVersion\HW1\Release\HW1.pdb" /OPT:REF /OPT:ICF /LTCG /TLBID:1 /DYNAMICBASE /NXCOMPAT /IMPLIB:"D:\OneDrive\SourceTree\DeepLearning2015\HW1\VisualStudioVersion\HW1\Release\HW1.lib" /MACHINE:X86 /SAFESEH /DLL Release\nnet.obj
         Release\rnnet.obj
         Release\utility.obj
     1>nnet.obj : error LNK2001: 無法解析的外部符號 _zgemm_
     1>nnet.obj : error LNK2001: 無法解析的外部符號 _cgels_
     1>nnet.obj : error LNK2001: 無法解析的外部符號 _sgemm_
     1>nnet.obj : error LNK2001: 無法解析的外部符號 _zgesv_
     1>nnet.obj : error LNK2001: 無法解析的外部符號 _dgemv_
     1>nnet.obj : error LNK2001: 無法解析的外部符號 _ddot_
     1>nnet.obj : error LNK2001: 無法解析的外部符號 _sdot_
     1>nnet.obj : error LNK2001: 無法解析的外部符號 _zgels_
     1>nnet.obj : error LNK2001: 無法解析的外部符號 _cgesv_
     1>nnet.obj : error LNK2001: 無法解析的外部符號 _sgemv_
     1>nnet.obj : error LNK2001: 無法解析的外部符號 _dgesv_
     1>nnet.obj : error LNK2001: 無法解析的外部符號 _dgels_
     1>nnet.obj : error LNK2001: 無法解析的外部符號 _sgesv_
     1>nnet.obj : error LNK2001: 無法解析的外部符號 _dsyrk_
     1>nnet.obj : error LNK2001: 無法解析的外部符號 _sgels_
     1>nnet.obj : error LNK2001: 無法解析的外部符號 _zgemv_
     1>nnet.obj : error LNK2001: 無法解析的外部符號 _cgemv_
     1>nnet.obj : error LNK2001: 無法解析的外部符號 _ssyrk_
     1>nnet.obj : error LNK2001: 無法解析的外部符號 _dgemm_
     1>nnet.obj : error LNK2001: 無法解析的外部符號 _cgemm_
     1>D:\OneDrive\SourceTree\DeepLearning2015\HW1\VisualStudioVersion\HW1\Release\HW1.dll : fatal error LNK1120: 20 個無法解析的外部符號
     1>專案 "D:\OneDrive\SourceTree\DeepLearning2015\HW1\VisualStudioVersion\HW1\HW1\HW1.vcxproj" (Build 目標) 建置完成 -- 失敗。

建置失敗。

經過時間 00:00:00.23
