已經開始建置於 2015/4/8 下午 07:59:22。
     1>節點 2 (Build 目標) 上的專案 "D:\OneDrive\SourceTree\DeepLearning2015\HW1\VisualStudioVersion\HW1\HW1\HW1.vcxproj"。
     1>Link:
         C:\Program Files (x86)\Microsoft Visual Studio 12.0\VC\bin\link.exe /ERRORREPORT:PROMPT /OUT:"D:\OneDrive\SourceTree\DeepLearning2015\HW1\VisualStudioVersion\HW1\Debug\HW1.exe" /INCREMENTAL /NOLOGO /LIBPATH:"D:\OneDrive\SourceTree\DeepLearning2015\HW1\VisualStudioVersion\HW1\lib\armadillo-4.650.4\examples\lib_win64" blas_win64_MT.lib lapack_win64_MT.lib kernel32.lib user32.lib gdi32.lib winspool.lib comdlg32.lib advapi32.lib shell32.lib ole32.lib oleaut32.lib uuid.lib odbc32.lib odbccp32.lib /MANIFEST /MANIFESTUAC:"level='asInvoker' uiAccess='false'" /manifest:embed /DEBUG /PDB:"D:\OneDrive\SourceTree\DeepLearning2015\HW1\VisualStudioVersion\HW1\Debug\HW1.pdb" /TLBID:1 /DYNAMICBASE /NXCOMPAT /IMPLIB:"D:\OneDrive\SourceTree\DeepLearning2015\HW1\VisualStudioVersion\HW1\Debug\HW1.lib" /MACHINE:X86 Debug\Net.obj
         Debug\predict.obj
         Debug\train.obj
         Debug\utility.obj
     1>train.obj : error LNK2005: _main 已在 predict.obj 中定義過了
     1>Net.obj : error LNK2019: 無法解析的外部符號 _sdot_ 在函式 "double __cdecl arma::blas::dot<double>(unsigned int,double const *,double const *)" (??$dot@N@blas@arma@@YANIPBN0@Z) 中被參考
     1>Net.obj : error LNK2019: 無法解析的外部符號 _ddot_ 在函式 "double __cdecl arma::blas::dot<double>(unsigned int,double const *,double const *)" (??$dot@N@blas@arma@@YANIPBN0@Z) 中被參考
     1>Net.obj : error LNK2019: 無法解析的外部符號 _sgemv_ 在函式 "void __cdecl arma::blas::gemv<double>(char const *,int const *,int const *,double const *,double const *,int const *,double const *,int const *,double const *,double *,int const *)" (??$gemv@N@blas@arma@@YAXPBDPBH1PBN21212PAN1@Z) 中被參考
     1>Net.obj : error LNK2019: 無法解析的外部符號 _dgemv_ 在函式 "void __cdecl arma::blas::gemv<double>(char const *,int const *,int const *,double const *,double const *,int const *,double const *,int const *,double const *,double *,int const *)" (??$gemv@N@blas@arma@@YAXPBDPBH1PBN21212PAN1@Z) 中被參考
     1>Net.obj : error LNK2019: 無法解析的外部符號 _cgemv_ 在函式 "void __cdecl arma::blas::gemv<double>(char const *,int const *,int const *,double const *,double const *,int const *,double const *,int const *,double const *,double *,int const *)" (??$gemv@N@blas@arma@@YAXPBDPBH1PBN21212PAN1@Z) 中被參考
     1>Net.obj : error LNK2019: 無法解析的外部符號 _zgemv_ 在函式 "void __cdecl arma::blas::gemv<double>(char const *,int const *,int const *,double const *,double const *,int const *,double const *,int const *,double const *,double *,int const *)" (??$gemv@N@blas@arma@@YAXPBDPBH1PBN21212PAN1@Z) 中被參考
     1>Net.obj : error LNK2019: 無法解析的外部符號 _sgemm_ 在函式 "void __cdecl arma::blas::gemm<double>(char const *,char const *,int const *,int const *,int const *,double const *,double const *,int const *,double const *,int const *,double const *,double *,int const *)" (??$gemm@N@blas@arma@@YAXPBD0PBH11PBN21212PAN1@Z) 中被參考
     1>Net.obj : error LNK2019: 無法解析的外部符號 _dgemm_ 在函式 "void __cdecl arma::blas::gemm<double>(char const *,char const *,int const *,int const *,int const *,double const *,double const *,int const *,double const *,int const *,double const *,double *,int const *)" (??$gemm@N@blas@arma@@YAXPBD0PBH11PBN21212PAN1@Z) 中被參考
     1>Net.obj : error LNK2019: 無法解析的外部符號 _cgemm_ 在函式 "void __cdecl arma::blas::gemm<double>(char const *,char const *,int const *,int const *,int const *,double const *,double const *,int const *,double const *,int const *,double const *,double *,int const *)" (??$gemm@N@blas@arma@@YAXPBD0PBH11PBN21212PAN1@Z) 中被參考
     1>Net.obj : error LNK2019: 無法解析的外部符號 _zgemm_ 在函式 "void __cdecl arma::blas::gemm<double>(char const *,char const *,int const *,int const *,int const *,double const *,double const *,int const *,double const *,int const *,double const *,double *,int const *)" (??$gemm@N@blas@arma@@YAXPBD0PBH11PBN21212PAN1@Z) 中被參考
     1>Net.obj : error LNK2019: 無法解析的外部符號 _ssyrk_ 在函式 "void __cdecl arma::blas::syrk<double>(char const *,char const *,int const *,int const *,double const *,double const *,int const *,double const *,double *,int const *)" (??$syrk@N@blas@arma@@YAXPBD0PBH1PBN212PAN1@Z) 中被參考
     1>Net.obj : error LNK2019: 無法解析的外部符號 _dsyrk_ 在函式 "void __cdecl arma::blas::syrk<double>(char const *,char const *,int const *,int const *,double const *,double const *,int const *,double const *,double *,int const *)" (??$syrk@N@blas@arma@@YAXPBD0PBH1PBN212PAN1@Z) 中被參考
     1>Net.obj : error LNK2019: 無法解析的外部符號 _sgesv_ 在函式 "void __cdecl arma::lapack::gesv<double>(int *,int *,double *,int *,int *,double *,int *,int *)" (??$gesv@N@lapack@arma@@YAXPAH0PAN00100@Z) 中被參考
     1>Net.obj : error LNK2019: 無法解析的外部符號 _dgesv_ 在函式 "void __cdecl arma::lapack::gesv<double>(int *,int *,double *,int *,int *,double *,int *,int *)" (??$gesv@N@lapack@arma@@YAXPAH0PAN00100@Z) 中被參考
     1>Net.obj : error LNK2019: 無法解析的外部符號 _cgesv_ 在函式 "void __cdecl arma::lapack::gesv<double>(int *,int *,double *,int *,int *,double *,int *,int *)" (??$gesv@N@lapack@arma@@YAXPAH0PAN00100@Z) 中被參考
     1>Net.obj : error LNK2019: 無法解析的外部符號 _zgesv_ 在函式 "void __cdecl arma::lapack::gesv<double>(int *,int *,double *,int *,int *,double *,int *,int *)" (??$gesv@N@lapack@arma@@YAXPAH0PAN00100@Z) 中被參考
     1>Net.obj : error LNK2019: 無法解析的外部符號 _sgels_ 在函式 "void __cdecl arma::lapack::gels<double>(char *,int *,int *,int *,double *,int *,double *,int *,double *,int *,int *)" (??$gels@N@lapack@arma@@YAXPADPAH11PAN121211@Z) 中被參考
     1>Net.obj : error LNK2019: 無法解析的外部符號 _dgels_ 在函式 "void __cdecl arma::lapack::gels<double>(char *,int *,int *,int *,double *,int *,double *,int *,double *,int *,int *)" (??$gels@N@lapack@arma@@YAXPADPAH11PAN121211@Z) 中被參考
     1>Net.obj : error LNK2019: 無法解析的外部符號 _cgels_ 在函式 "void __cdecl arma::lapack::gels<double>(char *,int *,int *,int *,double *,int *,double *,int *,double *,int *,int *)" (??$gels@N@lapack@arma@@YAXPADPAH11PAN121211@Z) 中被參考
     1>Net.obj : error LNK2019: 無法解析的外部符號 _zgels_ 在函式 "void __cdecl arma::lapack::gels<double>(char *,int *,int *,int *,double *,int *,double *,int *,double *,int *,int *)" (??$gels@N@lapack@arma@@YAXPADPAH11PAN121211@Z) 中被參考
     1>D:\OneDrive\SourceTree\DeepLearning2015\HW1\VisualStudioVersion\HW1\Debug\HW1.exe : fatal error LNK1120: 20 個無法解析的外部符號
     1>專案 "D:\OneDrive\SourceTree\DeepLearning2015\HW1\VisualStudioVersion\HW1\HW1\HW1.vcxproj" (Build 目標) 建置完成 -- 失敗。

建置失敗。

經過時間 00:00:00.49
