已經開始建置於 2015/5/29 上午 05:39:57。
     1>節點 2 (Build 目標) 上的專案 "D:\OneDrive\SourceTree\DeepLearning2015\HW1\VisualStudioVersion\HW1\HW1\HW1.vcxproj"。
     1>ClCompile:
         C:\Program Files (x86)\Microsoft Visual Studio 12.0\VC\bin\x86_amd64\CL.exe /c /I"D:\OneDrive\SourceTree\DeepLearning2015\HW1\VisualStudioVersion\HW1\lib\armadillo-4.650.4\include" /ID:\OneDrive\SourceTree\DeepLearning2015\HW1\VisualStudioVersion\HW1\lib\openBlas\include /Zi /nologo /W3 /WX- /sdl /Od /D _CRT_SECURE_NO_WARNINGS /D _MBCS /Gm /EHsc /RTC1 /MDd /GS /fp:precise /Zc:wchar_t /Zc:forScope /Fo"x64\Debug\\" /Fd"x64\Debug\vc120.pdb" /Gd /TP /errorReport:prompt rnnet.cpp
         rnnet.cpp
     1>rnnet.cpp(65): warning C4267: '正在初始化' : 將 'size_t' 轉換為 'int'，資料可能遺失
     1>rnnet.cpp(79): warning C4267: '正在初始化' : 將 'size_t' 轉換為 'int'，資料可能遺失
     1>rnnet.cpp(108): warning C4267: '正在初始化' : 將 'size_t' 轉換為 'int'，資料可能遺失
     1>rnnet.cpp(120): warning C4267: '正在初始化' : 將 'size_t' 轉換為 'int'，資料可能遺失
     1>rnnet.cpp(223): warning C4018: '<' : signed/unsigned 不相符
     1>rnnet.cpp(244): warning C4267: '正在初始化' : 將 'size_t' 轉換為 'int'，資料可能遺失
     1>rnnet.cpp(271): warning C4267: '正在初始化' : 將 'size_t' 轉換為 'int'，資料可能遺失
     1>rnnet.cpp(300): warning C4267: '正在初始化' : 將 'size_t' 轉換為 'int'，資料可能遺失
     1>rnnet.cpp(311): warning C4267: '正在初始化' : 將 'size_t' 轉換為 'int'，資料可能遺失
     1>rnnet.cpp(426): warning C4267: '正在初始化' : 將 'size_t' 轉換為 'int'，資料可能遺失
     1>rnnet.cpp(426): warning C4018: '<' : signed/unsigned 不相符
     1>rnnet.cpp(435): warning C4267: '正在初始化' : 將 'size_t' 轉換為 'int'，資料可能遺失
     1>rnnet.cpp(435): warning C4018: '<' : signed/unsigned 不相符
     1>rnnet.cpp(464): warning C4267: '引數' : 將 'size_t' 轉換為 'const arma::uword'，資料可能遺失
     1>rnnet.cpp(468): warning C4267: '引數' : 將 'size_t' 轉換為 'const arma::uword'，資料可能遺失
     1>rnnet.cpp(477): warning C4267: '引數' : 將 'size_t' 轉換為 'const arma::uword'，資料可能遺失
       Link:
         C:\Program Files (x86)\Microsoft Visual Studio 12.0\VC\bin\x86_amd64\link.exe /ERRORREPORT:PROMPT /OUT:"D:\OneDrive\SourceTree\DeepLearning2015\HW1\VisualStudioVersion\HW1\x64\Debug\HW1.exe" /INCREMENTAL /NOLOGO /LIBPATH:D:\OneDrive\SourceTree\DeepLearning2015\HW1\VisualStudioVersion\HW1\x64\Release /LIBPATH:"D:\OneDrive\SourceTree\DeepLearning2015\HW1\VisualStudioVersion\HW1\lib\armadillo-4.650.4\examples\lib_win64" blas_win64_MT.lib lapack_win64_MT.lib /MANIFEST /MANIFESTUAC:"level='asInvoker' uiAccess='false'" /manifest:embed /DEBUG /PDB:"D:\OneDrive\SourceTree\DeepLearning2015\HW1\VisualStudioVersion\HW1\x64\Debug\HW1.pdb" /TLBID:1 /DYNAMICBASE /NXCOMPAT /IMPLIB:"D:\OneDrive\SourceTree\DeepLearning2015\HW1\VisualStudioVersion\HW1\x64\Debug\HW1.lib" /MACHINE:X64 x64\Debug\nnet.obj
         "x64\Debug\predict-rnn.obj"
         x64\Debug\predict.obj
         x64\Debug\rnnet.obj
         "x64\Debug\train-nn.obj"
         "x64\Debug\train-rnn.obj"
         x64\Debug\utility.obj
         HW1.vcxproj -> D:\OneDrive\SourceTree\DeepLearning2015\HW1\VisualStudioVersion\HW1\x64\Debug\HW1.exe
     1>專案 "D:\OneDrive\SourceTree\DeepLearning2015\HW1\VisualStudioVersion\HW1\HW1\HW1.vcxproj" (Build 目標) 建置完成。

建置成功。

經過時間 00:00:02.41
